<?xml version="1.0" encoding="UTF-8"?>
<!-- Generated by org.testng.reporters.JUnitReportReporter -->
<testsuite hostname="IN-9GGS0F3" failures="0" tests="1" name="com.flipkart.Flipkart_Automation.ProductSearch" time="14.210" errors="0" timestamp="2024-03-06T00:39:34 IST" skipped="0">
  <testcase classname="com.flipkart.Flipkart_Automation.ProductSearch" name="testSearchProduct" time="14.210"/>
</testsuite> <!-- com.flipkart.Flipkart_Automation.ProductSearch -->
